Loading module centos6/ncbi-blast-2.2.29+.
Error: (1431.1) FASTA-Reader: Warning: FASTA-Reader: First data line in seq is about 100% ambiguous nucleotides (shouldn't be over 40%)
Error: (1431.1) FASTA-Reader: Warning: FASTA-Reader: First data line in seq is about 100% ambiguous nucleotides (shouldn't be over 40%)
Error: (1431.1) FASTA-Reader: Warning: FASTA-Reader: First data line in seq is about 100% ambiguous nucleotides (shouldn't be over 40%)
Error: (1431.1) FASTA-Reader: Warning: FASTA-Reader: First data line in seq is about 100% ambiguous nucleotides (shouldn't be over 40%)
Error: (1431.1) FASTA-Reader: Warning: FASTA-Reader: First data line in seq is about 100% ambiguous nucleotides (shouldn't be over 40%)
Error: (1431.1) FASTA-Reader: Warning: FASTA-Reader: First data line in seq is about 100% ambiguous nucleotides (shouldn't be over 40%)
Error: (1431.1) FASTA-Reader: Warning: FASTA-Reader: First data line in seq is about 100% ambiguous nucleotides (shouldn't be over 40%)
Error: (1431.1) FASTA-Reader: Warning: FASTA-Reader: First data line in seq is about 100% ambiguous nucleotides (shouldn't be over 40%)
Error: (1431.1) FASTA-Reader: Warning: FASTA-Reader: First data line in seq is about 100% ambiguous nucleotides (shouldn't be over 40%)
Error: (1431.1) FASTA-Reader: Warning: FASTA-Reader: First data line in seq is about 100% ambiguous nucleotides (shouldn't be over 40%)
Error: (1431.1) FASTA-Reader: Warning: FASTA-Reader: First data line in seq is about 100% ambiguous nucleotides (shouldn't be over 40%)
Error: (1431.1) FASTA-Reader: Warning: FASTA-Reader: First data line in seq is about 100% ambiguous nucleotides (shouldn't be over 40%)
Error: (1431.1) FASTA-Reader: Warning: FASTA-Reader: First data line in seq is about 100% ambiguous nucleotides (shouldn't be over 40%)
Error: (1431.1) FASTA-Reader: Warning: FASTA-Reader: First data line in seq is about 100% ambiguous nucleotides (shouldn't be over 40%)
Error: (1431.1) FASTA-Reader: Warning: FASTA-Reader: First data line in seq is about 100% ambiguous nucleotides (shouldn't be over 40%)
Error: (1431.1) FASTA-Reader: Warning: FASTA-Reader: First data line in seq is about 100% ambiguous nucleotides (shouldn't be over 40%)
Error: (1431.1) FASTA-Reader: Warning: FASTA-Reader: First data line in seq is about 100% ambiguous nucleotides (shouldn't be over 40%)
Error: (1431.1) FASTA-Reader: Warning: FASTA-Reader: First data line in seq is about 100% ambiguous nucleotides (shouldn't be over 40%)
Error: (1431.1) FASTA-Reader: Warning: FASTA-Reader: First data line in seq is about 100% ambiguous nucleotides (shouldn't be over 40%)
Error: (1431.1) FASTA-Reader: Warning: FASTA-Reader: First data line in seq is about 100% ambiguous nucleotides (shouldn't be over 40%)
Error: (1431.1) FASTA-Reader: Warning: FASTA-Reader: First data line in seq is about 100% ambiguous nucleotides (shouldn't be over 40%)
Error: (1431.1) FASTA-Reader: Warning: FASTA-Reader: First data line in seq is about 100% ambiguous nucleotides (shouldn't be over 40%)
Error: (1431.1) FASTA-Reader: Warning: FASTA-Reader: First data line in seq is about 100% ambiguous nucleotides (shouldn't be over 40%)

real	3m18.451s
user	3m7.658s
sys	0m8.089s
