09/16/2020 03:16:18 PM - __main__ - INFO: Running kneaddata v0.8.0
09/16/2020 03:16:18 PM - __main__ - INFO: Output files will be written to: /Users/sam1389/Desktop/workspace/kneaddata/bugs_space_Kneaddata
09/16/2020 03:16:18 PM - __main__ - DEBUG: Running with the following arguments: 
verbose = False
input1 = ../Kneaddata_inputs/bugs/spaceR1.fastq
input2 = ../Kneaddata_inputs/bugs/spaceR2.fastq
unpaired = ../Kneaddata_inputs/singleEnd.fastq
output_dir = /Users/sam1389/Desktop/workspace/kneaddata/bugs_space_Kneaddata
reference_db = 
bypass_trim = False
output_prefix = spaceR1_kneaddata
threads = 1
processes = 1
trimmomatic_quality_scores = -phred33
bmtagger = False
bypass_trf = False
fastqc_start = False
fastqc_end = False
store_temp_output = False
remove_intermediate_output = False
cat_final_output = False
log_level = DEBUG
log = /Users/sam1389/Desktop/workspace/kneaddata/bugs_space_Kneaddata/spaceR1_kneaddata.log
trimmomatic_path = /usr/local/bin/trimmomatic-0.33.jar
run_trim_repetitive = False
max_memory = 500m
trimmomatic_options = None
sequencer_source = NexteraPE
bowtie2_path = None
bowtie2_options = --very-sensitive-local --phred33
decontaminate_pairs = strict
reorder = False
serial = False
bmtagger_path = None
trf_path = /usr/local/bin/trf
match = 2
mismatch = 7
delta = 7
pm = 80
pi = 10
minscore = 50
maxperiod = 500
fastqc_path = None
input = /Users/sam1389/Desktop/workspace/Kneaddata_inputs/bugs/spaceR1.fastq /Users/sam1389/Desktop/workspace/Kneaddata_inputs/bugs/spaceR2.fastq
remove_temp_output = True
discordant = True

09/16/2020 03:16:18 PM - kneaddata.utilities - INFO: Reformatting file sequence identifiers ...
09/16/2020 03:16:18 PM - kneaddata.utilities - INFO: Reformatting file sequence identifiers ...
09/16/2020 03:16:18 PM - kneaddata.utilities - INFO: READ COUNT: raw pair1 : Initial number of reads ( /Users/sam1389/Desktop/workspace/kneaddata/bugs_space_Kneaddata/reformatted_identifiers1srh82z9_spaceR1 ): 250.0
09/16/2020 03:16:18 PM - kneaddata.utilities - INFO: READ COUNT: raw pair2 : Initial number of reads ( /Users/sam1389/Desktop/workspace/kneaddata/bugs_space_Kneaddata/reformatted_identifierst585xytn_spaceR2 ): 250.0
09/16/2020 03:16:18 PM - kneaddata.utilities - DEBUG: Checking input file to Trimmomatic : /Users/sam1389/Desktop/workspace/kneaddata/bugs_space_Kneaddata/reformatted_identifiers1srh82z9_spaceR1
09/16/2020 03:16:18 PM - kneaddata.utilities - DEBUG: Checking input file to Trimmomatic : /Users/sam1389/Desktop/workspace/kneaddata/bugs_space_Kneaddata/reformatted_identifierst585xytn_spaceR2
09/16/2020 03:16:18 PM - kneaddata.utilities - INFO: Running Trimmomatic ... 
09/16/2020 03:16:18 PM - kneaddata.utilities - INFO: Execute command: java -Xmx500m -jar /usr/local/bin/trimmomatic-0.33.jar PE -threads 1 -phred33 /Users/sam1389/Desktop/workspace/kneaddata/bugs_space_Kneaddata/reformatted_identifiers1srh82z9_spaceR1 /Users/sam1389/Desktop/workspace/kneaddata/bugs_space_Kneaddata/reformatted_identifierst585xytn_spaceR2 /Users/sam1389/Desktop/workspace/kneaddata/bugs_space_Kneaddata/spaceR1_kneaddata.trimmed.1.fastq /Users/sam1389/Desktop/workspace/kneaddata/bugs_space_Kneaddata/spaceR1_kneaddata.trimmed.single.1.fastq /Users/sam1389/Desktop/workspace/kneaddata/bugs_space_Kneaddata/spaceR1_kneaddata.trimmed.2.fastq /Users/sam1389/Desktop/workspace/kneaddata/bugs_space_Kneaddata/spaceR1_kneaddata.trimmed.single.2.fastq ILLUMINACLIP:/Library/Frameworks/Python.framework/Versions/3.7/lib/python3.7/site-packages/kneaddata/adapters/NexteraPE-PE.fa:2:30:10:8:TRUE SLIDINGWINDOW:4:20 MINLEN:50
09/16/2020 03:16:19 PM - kneaddata.utilities - DEBUG: b"TrimmomaticPE: Started with arguments: -threads 1 -phred33 /Users/sam1389/Desktop/workspace/kneaddata/bugs_space_Kneaddata/reformatted_identifiers1srh82z9_spaceR1 /Users/sam1389/Desktop/workspace/kneaddata/bugs_space_Kneaddata/reformatted_identifierst585xytn_spaceR2 /Users/sam1389/Desktop/workspace/kneaddata/bugs_space_Kneaddata/spaceR1_kneaddata.trimmed.1.fastq /Users/sam1389/Desktop/workspace/kneaddata/bugs_space_Kneaddata/spaceR1_kneaddata.trimmed.single.1.fastq /Users/sam1389/Desktop/workspace/kneaddata/bugs_space_Kneaddata/spaceR1_kneaddata.trimmed.2.fastq /Users/sam1389/Desktop/workspace/kneaddata/bugs_space_Kneaddata/spaceR1_kneaddata.trimmed.single.2.fastq ILLUMINACLIP:/Library/Frameworks/Python.framework/Versions/3.7/lib/python3.7/site-packages/kneaddata/adapters/NexteraPE-PE.fa:2:30:10:8:TRUE SLIDINGWINDOW:4:20 MINLEN:50\nUsing PrefixPair: 'AGATGTGTATAAGAGACAG' and 'AGATGTGTATAAGAGACAG'\nUsing Long Clipping Sequence: 'GTCTCGTGGGCTCGGAGATGTGTATAAGAGACAG'\nUsing Long Clipping Sequence: 'TCGTCGGCAGCGTCAGATGTGTATAAGAGACAG'\nUsing Long Clipping Sequence: 'CTGTCTCTTATACACATCTCCGAGCCCACGAGAC'\nUsing Long Clipping Sequence: 'CTGTCTCTTATACACATCTGACGCTGCCGACGA'\nILLUMINACLIP: Using 1 prefix pairs, 4 forward/reverse sequences, 0 forward only sequences, 0 reverse only sequences\nInput Read Pairs: 250 Both Surviving: 164 (65.60%) Forward Only Surviving: 78 (31.20%) Reverse Only Surviving: 2 (0.80%) Dropped: 6 (2.40%)\nTrimmomaticPE: Completed successfully\n"
09/16/2020 03:16:19 PM - kneaddata.utilities - DEBUG: Checking output file from Trimmomatic : /Users/sam1389/Desktop/workspace/kneaddata/bugs_space_Kneaddata/spaceR1_kneaddata.trimmed.1.fastq
09/16/2020 03:16:19 PM - kneaddata.utilities - DEBUG: Checking output file from Trimmomatic : /Users/sam1389/Desktop/workspace/kneaddata/bugs_space_Kneaddata/spaceR1_kneaddata.trimmed.single.1.fastq
09/16/2020 03:16:19 PM - kneaddata.utilities - DEBUG: Checking output file from Trimmomatic : /Users/sam1389/Desktop/workspace/kneaddata/bugs_space_Kneaddata/spaceR1_kneaddata.trimmed.2.fastq
09/16/2020 03:16:19 PM - kneaddata.utilities - DEBUG: Checking output file from Trimmomatic : /Users/sam1389/Desktop/workspace/kneaddata/bugs_space_Kneaddata/spaceR1_kneaddata.trimmed.single.2.fastq
09/16/2020 03:16:19 PM - kneaddata.utilities - INFO: READ COUNT: trimmed pair1 : Total reads after trimming ( /Users/sam1389/Desktop/workspace/kneaddata/bugs_space_Kneaddata/spaceR1_kneaddata.trimmed.1.fastq ): 164.0
09/16/2020 03:16:19 PM - kneaddata.utilities - INFO: READ COUNT: trimmed pair2 : Total reads after trimming ( /Users/sam1389/Desktop/workspace/kneaddata/bugs_space_Kneaddata/spaceR1_kneaddata.trimmed.2.fastq ): 164.0
09/16/2020 03:16:19 PM - kneaddata.utilities - INFO: READ COUNT: trimmed orphan1 : Total reads after trimming ( /Users/sam1389/Desktop/workspace/kneaddata/bugs_space_Kneaddata/spaceR1_kneaddata.trimmed.single.1.fastq ): 78.0
09/16/2020 03:16:19 PM - kneaddata.utilities - INFO: READ COUNT: trimmed orphan2 : Total reads after trimming ( /Users/sam1389/Desktop/workspace/kneaddata/bugs_space_Kneaddata/spaceR1_kneaddata.trimmed.single.2.fastq ): 2.0
